<?xml version="1.0" encoding="UTF-8"?>
<Site BuildName="(empty)"
	BuildStamp="20231121-2111-Experimental"
	Name="nano"
	Generator="ctest-3.16.3"
	CompilerName="/usr/bin/c++"
	CompilerVersion="8.4.0"
	OSName="Linux"
	Hostname="nano"
	OSRelease="4.9.253-tegra"
	OSVersion="#1 SMP PREEMPT Mon Jul 26 12:13:06 PDT 2021"
	OSPlatform="aarch64"
	Is64Bits="1"
	VendorString=""
	VendorID="Unknown Manufacturer"
	FamilyID="8"
	ModelID="0"
	ProcessorCacheSize="0"
	NumberOfLogicalCPU="4"
	NumberOfPhysicalCPU="1"
	TotalVirtualMemory="8191"
	TotalPhysicalMemory="3956"
	LogicalProcessorsPerPhysical="4"
	ProcessorClockFrequency="0"
	>
	<Testing>
		<StartDateTime>Nov 22 06:11 KST</StartDateTime>
		<StartTestTime>1700601085</StartTestTime>
		<TestList/>
		<EndDateTime>Nov 22 06:11 KST</EndDateTime>
		<EndTestTime>1700601085</EndTestTime>
		<ElapsedMinutes>0</ElapsedMinutes>
	</Testing>
</Site>
